d:\download\109下学期\物件導向程式設計與實習\project\bombman\release\game.pch
d:\download\109下学期\物件導向程式設計與實習\project\bombman\release\vc141.pdb
d:\download\109下学期\物件導向程式設計與實習\project\bombman\release\stdafx.obj
d:\download\109下学期\物件導向程式設計與實習\project\bombman\release\mygame.obj
d:\download\109下学期\物件導向程式設計與實習\project\bombman\release\gamelib.obj
d:\download\109下学期\物件導向程式設計與實習\project\bombman\release\mainfrm.obj
d:\download\109下学期\物件導向程式設計與實習\project\bombman\release\gameview.obj
d:\download\109下学期\物件導向程式設計與實習\project\bombman\release\gamedoc.obj
d:\download\109下学期\物件導向程式設計與實習\project\bombman\release\game.obj
d:\download\109下学期\物件導向程式設計與實習\project\bombman\release\cprops.obj
d:\download\109下学期\物件導向程式設計與實習\project\bombman\release\cplayer.obj
d:\download\109下学期\物件導向程式設計與實習\project\bombman\release\cmonster.obj
d:\download\109下学期\物件導向程式設計與實習\project\bombman\release\cmenu.obj
d:\download\109下学期\物件導向程式設計與實習\project\bombman\release\cgmap.obj
d:\download\109下学期\物件導向程式設計與實習\project\bombman\release\ceswall.obj
d:\download\109下学期\物件導向程式設計與實習\project\bombman\release\cbomb.obj
d:\download\109下学期\物件導向程式設計與實習\project\bombman\release\audio.obj
c:\users\lin\desktop\project\bombman\release\game.exe
c:\users\lin\desktop\project\bombman\release\game.pdb
d:\download\109下学期\物件導向程式設計與實習\project\bombman\release\game.exe
d:\download\109下学期\物件導向程式設計與實習\project\bombman\release\game.pdb
d:\download\109下学期\物件導向程式設計與實習\project\bombman\release\game.res
d:\download\109下学期\物件導向程式設計與實習\project\bombman\.\release\game.exe
d:\download\109下学期\物件導向程式設計與實習\project\bombman\release\game.tlog\cl.command.1.tlog
d:\download\109下学期\物件導向程式設計與實習\project\bombman\release\game.tlog\cl.read.1.tlog
d:\download\109下学期\物件導向程式設計與實習\project\bombman\release\game.tlog\cl.write.1.tlog
d:\download\109下学期\物件導向程式設計與實習\project\bombman\release\game.tlog\link.command.1.tlog
d:\download\109下学期\物件導向程式設計與實習\project\bombman\release\game.tlog\link.read.1.tlog
d:\download\109下学期\物件導向程式設計與實習\project\bombman\release\game.tlog\link.write.1.tlog
d:\download\109下学期\物件導向程式設計與實習\project\bombman\release\game.tlog\rc.command.1.tlog
d:\download\109下学期\物件導向程式設計與實習\project\bombman\release\game.tlog\rc.read.1.tlog
d:\download\109下学期\物件導向程式設計與實習\project\bombman\release\game.tlog\rc.write.1.tlog
