d:\project\bombman\debug\game.pch
d:\project\bombman\debug\vc141.pdb
d:\project\bombman\debug\vc141.idb
d:\project\bombman\debug\stdafx.obj
d:\project\bombman\debug\audio.obj
d:\project\bombman\debug\cbomb.obj
d:\project\bombman\debug\ceswall.obj
d:\project\bombman\debug\cgmap.obj
d:\project\bombman\debug\cmenu.obj
d:\project\bombman\debug\cmonster.obj
d:\project\bombman\debug\cplayer.obj
d:\project\bombman\debug\cprops.obj
d:\project\bombman\debug\game.obj
d:\project\bombman\debug\gamedoc.obj
d:\project\bombman\debug\gameview.obj
d:\project\bombman\debug\mainfrm.obj
d:\project\bombman\debug\gamelib.obj
d:\project\bombman\debug\mygame.obj
c:\users\lin\desktop\project\bombman\debug\game.pch
c:\users\lin\desktop\project\bombman\debug\vc141.pdb
c:\users\lin\desktop\project\bombman\debug\vc141.idb
c:\users\lin\desktop\project\bombman\debug\stdafx.obj
c:\users\lin\desktop\project\bombman\debug\audio.obj
c:\users\lin\desktop\project\bombman\debug\cbomb.obj
c:\users\lin\desktop\project\bombman\debug\ceswall.obj
c:\users\lin\desktop\project\bombman\debug\cgmap.obj
c:\users\lin\desktop\project\bombman\debug\cmenu.obj
c:\users\lin\desktop\project\bombman\debug\cmonster.obj
c:\users\lin\desktop\project\bombman\debug\cplayer.obj
c:\users\lin\desktop\project\bombman\debug\cprops.obj
c:\users\lin\desktop\project\bombman\debug\game.obj
c:\users\lin\desktop\project\bombman\debug\gamedoc.obj
c:\users\lin\desktop\project\bombman\debug\gameview.obj
c:\users\lin\desktop\project\bombman\debug\mainfrm.obj
c:\users\lin\desktop\project\bombman\debug\gamelib.obj
c:\users\lin\desktop\project\bombman\debug\mygame.obj
d:\project\bombman\debug\game.exe
d:\project\bombman\debug\game.ilk
d:\project\bombman\debug\game.pdb
c:\users\lin\desktop\project\bombman\debug\game.exe
c:\users\lin\desktop\project\bombman\debug\game.ilk
c:\users\lin\desktop\project\bombman\debug\game.pdb
d:\project\bombman\debug\game.res
c:\users\lin\desktop\project\bombman\debug\game.res
c:\users\lin\desktop\project\bombman\.\debug\game.exe
c:\users\lin\desktop\project\bombman\debug\game.tlog\cl.command.1.tlog
c:\users\lin\desktop\project\bombman\debug\game.tlog\cl.read.1.tlog
c:\users\lin\desktop\project\bombman\debug\game.tlog\cl.write.1.tlog
c:\users\lin\desktop\project\bombman\debug\game.tlog\link.command.1.tlog
c:\users\lin\desktop\project\bombman\debug\game.tlog\link.read.1.tlog
c:\users\lin\desktop\project\bombman\debug\game.tlog\link.write.1.tlog
c:\users\lin\desktop\project\bombman\debug\game.tlog\rc.command.1.tlog
c:\users\lin\desktop\project\bombman\debug\game.tlog\rc.read.1.tlog
c:\users\lin\desktop\project\bombman\debug\game.tlog\rc.write.1.tlog
