cl : 命令行 warning D9035: “Gm”选项已否决，并将在将来的版本中移除
  StdAfx.cpp
cl : 命令行 warning D9035: “Gm”选项已否决，并将在将来的版本中移除
  mygame.cpp
c:\users\lin\desktop\project\bombman\source\mygame.cpp(421): warning C4018: “<”: 有符号/无符号不匹配
  gamelib.cpp
c:\users\lin\desktop\project\bombman\source\gamelib.cpp(142): warning C4244: “=”: 从“int”转换到“float”，可能丢失数据
c:\users\lin\desktop\project\bombman\source\gamelib.cpp(303): warning C4244: “=”: 从“float”转换到“int”，可能丢失数据
c:\users\lin\desktop\project\bombman\source\gamelib.cpp(306): warning C4244: “=”: 从“float”转换到“int”，可能丢失数据
c:\users\lin\desktop\project\bombman\source\gamelib.cpp(311): warning C4244: “参数”: 从“int”转换到“float”，可能丢失数据
c:\users\lin\desktop\project\bombman\source\gamelib.cpp(313): warning C4244: “-=”: 从“float”转换到“int”，可能丢失数据
c:\users\lin\desktop\project\bombman\source\gamelib.cpp(316): warning C4244: “参数”: 从“int”转换到“float”，可能丢失数据
c:\users\lin\desktop\project\bombman\source\gamelib.cpp(335): warning C4244: “return”: 从“LONG”转换到“float”，可能丢失数据
c:\users\lin\desktop\project\bombman\source\gamelib.cpp(341): warning C4244: “return”: 从“LONG”转换到“float”，可能丢失数据
c:\users\lin\desktop\project\bombman\source\gamelib.cpp(387): warning C4244: “=”: 从“float”转换到“LONG”，可能丢失数据
c:\users\lin\desktop\project\bombman\source\gamelib.cpp(388): warning C4244: “=”: 从“float”转换到“LONG”，可能丢失数据
c:\users\lin\desktop\project\bombman\source\gamelib.cpp(389): warning C4244: “-=”: 从“float”转换到“LONG”，可能丢失数据
c:\users\lin\desktop\project\bombman\source\gamelib.cpp(390): warning C4244: “-=”: 从“float”转换到“LONG”，可能丢失数据
c:\users\lin\desktop\project\bombman\source\gamelib.cpp(415): warning C4244: “return”: 从“LONG”转换到“float”，可能丢失数据
c:\users\lin\desktop\project\bombman\source\gamelib.cpp(421): warning C4244: “return”: 从“LONG”转换到“float”，可能丢失数据
  MainFrm.cpp
  gameView.cpp
  gameDoc.cpp
  game.cpp
  CProps.cpp
c:\users\lin\desktop\project\bombman\source\cprops.cpp(31): warning C4244: “return”: 从“double”转换到“float”，可能丢失数据
c:\users\lin\desktop\project\bombman\source\cprops.cpp(36): warning C4244: “return”: 从“double”转换到“float”，可能丢失数据
c:\users\lin\desktop\project\bombman\source\cprops.cpp(66): warning C4244: “初始化”: 从“double”转换到“float”，可能丢失数据
c:\users\lin\desktop\project\bombman\source\cprops.cpp(67): warning C4244: “初始化”: 从“double”转换到“float”，可能丢失数据
c:\users\lin\desktop\project\bombman\source\cprops.cpp(68): warning C4244: “初始化”: 从“double”转换到“float”，可能丢失数据
c:\users\lin\desktop\project\bombman\source\cprops.cpp(69): warning C4244: “初始化”: 从“double”转换到“float”，可能丢失数据
  CPlayer.cpp
c:\users\lin\desktop\project\bombman\source\cplayer.cpp(377): warning C4018: “<”: 有符号/无符号不匹配
  CMonster.cpp
c:\users\lin\desktop\project\bombman\source\cmonster.cpp(206): warning C4305: “=”: 从“double”到“float”截断
  CMenu.cpp
c:\users\lin\desktop\project\bombman\source\cmenu.cpp(48): warning C4244: “参数”: 从“int”转换到“float”，可能丢失数据
  CGMap.cpp
c:\users\lin\desktop\project\bombman\source\cgmap.cpp(451): warning C4244: “参数”: 从“float”转换到“const unsigned int”，可能丢失数据
c:\users\lin\desktop\project\bombman\source\cgmap.cpp(472): warning C4244: “参数”: 从“float”转换到“const unsigned int”，可能丢失数据
c:\users\lin\desktop\project\bombman\source\cgmap.cpp(581): warning C4244: “参数”: 从“float”转换到“const unsigned int”，可能丢失数据
c:\users\lin\desktop\project\bombman\source\cgmap.cpp(600): warning C4244: “=”: 从“int”转换到“float”，可能丢失数据
c:\users\lin\desktop\project\bombman\source\cgmap.cpp(678): warning C4244: “=”: 从“double”转换到“float”，可能丢失数据
c:\users\lin\desktop\project\bombman\source\cgmap.cpp(701): warning C4018: “<”: 有符号/无符号不匹配
  CESWall.cpp
  CBomb.cpp
c:\users\lin\desktop\project\bombman\source\cbomb.cpp(44): warning C4244: “初始化”: 从“float”转换到“int”，可能丢失数据
c:\users\lin\desktop\project\bombman\source\cbomb.cpp(45): warning C4244: “初始化”: 从“float”转换到“int”，可能丢失数据
c:\users\lin\desktop\project\bombman\source\cbomb.cpp(83): warning C4244: “参数”: 从“int”转换到“float”，可能丢失数据
c:\users\lin\desktop\project\bombman\source\cbomb.cpp(88): warning C4244: “参数”: 从“int”转换到“float”，可能丢失数据
  audio.cpp
  正在生成代码...
  game.vcxproj -> C:\Users\LIN\Desktop\project\bombman\.\Debug\game.exe
